<?xml version="1.0" encoding="UTF-8"?>
<!-- Generated by org.testng.reporters.JUnitReportReporter -->
<testsuite skipped="0" hostname="b8f3c88c2d13" name="com.searchmodule.tests.SearchTest" tests="4" failures="0" timestamp="12 Apr 2021 09:44:08 GMT" time="23.052" errors="0">
  <testcase name="search" time="4.582" classname="com.searchmodule.tests.SearchTest"/>
  <testcase name="search" time="4.663" classname="com.searchmodule.tests.SearchTest"/>
  <testcase name="search" time="8.890" classname="com.searchmodule.tests.SearchTest"/>
  <testcase name="search" time="4.917" classname="com.searchmodule.tests.SearchTest"/>
</testsuite> <!-- com.searchmodule.tests.SearchTest -->
